#
# A fatal error has been detected by the Java Runtime Environment:
#
#  EXCEPTION_ACCESS_VIOLATION (0xc0000005) at pc=0x00007ff82e7ed5e4, pid=10996, tid=16580
#
# JRE version: Java(TM) SE Runtime Environment (13.0.2+8) (build 13.0.2+8)
# Java VM: Java HotSpot(TM) 64-Bit Server VM (13.0.2+8, mixed mode, sharing, tiered, compressed oops, g1 gc, windows-amd64)
# Problematic frame:
# V  [jvm.dll+0x5bd5e4]
#
# No core dump will be written. Minidumps are not enabled by default on client versions of Windows
#
# If you would like to submit a bug report, please visit:
#   http://bugreport.java.com/bugreport/crash.jsp
#

---------------  S U M M A R Y ------------

Command Line: -javaagent:C:\Program Files\JetBrains\IntelliJ IDEA Community Edition 2019.3.3\lib\idea_rt.jar=52716:C:\Program Files\JetBrains\IntelliJ IDEA Community Edition 2019.3.3\bin -Dfile.encoding=UTF-8 jeaps.foodtruck.FoodtruckApplication

Host: Intel(R) Core(TM) i7-1065G7 CPU @ 1.30GHz, 8 cores, 15G,  Windows 10 , 64 bit Build 18362 (10.0.18362.778)
Time: Mon Apr 27 18:23:35 2020 Central Daylight Time elapsed time: 7 seconds (0d 0h 0m 7s)

---------------  T H R E A D  ---------------

Current thread (0x0000018cbd584000):  JavaThread "C2 CompilerThread2" daemon [_thread_in_native, id=16580, stack(0x0000008bcd100000,0x0000008bcd200000)]


Current CompileTask:
C2:   7158 3980       4       org.springframework.asm.Frame::execute (2305 bytes)

Stack: [0x0000008bcd100000,0x0000008bcd200000],  sp=0x0000008bcd1fc090,  free space=1008k
Native frames: (J=compiled Java code, j=interpreted, Vv=VM code, C=native code)
V  [jvm.dll+0x5bd5e4]
V  [jvm.dll+0x5bc30e]
V  [jvm.dll+0x205ac7]
V  [jvm.dll+0x204e3f]
V  [jvm.dll+0x189c2c]
V  [jvm.dll+0x213e6d]
V  [jvm.dll+0x2120bb]
V  [jvm.dll+0x736bb6]
V  [jvm.dll+0x72fcaa]
V  [jvm.dll+0x623ea6]
C  [ucrtbase.dll+0x20e72]
C  [KERNEL32.DLL+0x17bd4]
C  [ntdll.dll+0x6ce51]


siginfo: EXCEPTION_ACCESS_VIOLATION (0xc0000005), reading address 0x000000000006b050


Register to memory mapping:

RIP=0x00007ff82e7ed5e4 jvm.dll
RAX=0x0 is NULL
RBX=0x000000000006b028 is an unknown value
RCX=0x0000018cc3a128a0 points into unknown readable memory: f0 e4 d1 bc 8c 01 00 00
RDX=0x0000018cc457ec58 points into unknown readable memory: 4e f9 7c ee 38 c0 c9 08
RSP=0x0000008bcd1fc090 is pointing into the stack for thread: 0x0000018cbd584000
RBP=0x0000008bcd1fc0d8 is pointing into the stack for thread: 0x0000018cbd584000
RSI=0xfffffffffffffff8 is an unknown value
RDI=0x0000018cc4218d00 points into unknown readable memory: c8 dd 9f 2e f8 7f 00 00
R8 =0x000000000006b028 is an unknown value
R9 =0x0000018cc4217290 points into unknown readable memory: 00 00 00 00 00 00 00 00
R10=0x0 is NULL
R11=0x0000000000000003 is an unknown value
R12=0x0 is NULL
R13=0x0000008bcd1fc4e0 is pointing into the stack for thread: 0x0000018cbd584000
R14=0x0000018cc45eb3d8 points into unknown readable memory: 20 96 a6 2e f8 7f 00 00
R15=0x000000000006b028 is an unknown value


Registers:
RAX=0x0000000000000000, RBX=0x000000000006b028, RCX=0x0000018cc3a128a0, RDX=0x0000018cc457ec58
RSP=0x0000008bcd1fc090, RBP=0x0000008bcd1fc0d8, RSI=0xfffffffffffffff8, RDI=0x0000018cc4218d00
R8 =0x000000000006b028, R9 =0x0000018cc4217290, R10=0x0000000000000000, R11=0x0000000000000003
R12=0x0000000000000000, R13=0x0000008bcd1fc4e0, R14=0x0000018cc45eb3d8, R15=0x000000000006b028
RIP=0x00007ff82e7ed5e4, EFLAGS=0x0000000000010246

Top of Stack: (sp=0x0000008bcd1fc090)
0x0000008bcd1fc090:   0000018cc4218d00 0000000000000003
0x0000008bcd1fc0a0:   0000018cc0d12ae0 0000018cc0d180b8
0x0000008bcd1fc0b0:   0000018cc32c8940 0000018cc3355230
0x0000008bcd1fc0c0:   0000018cc32c71b0 0000018cc4df3000
0x0000008bcd1fc0d0:   0000008bcd1fe880 0000008bcd1fea98
0x0000008bcd1fc0e0:   0000000000000000 0000008bcd1fc4e0
0x0000008bcd1fc0f0:   0000008bcd1fc169 00007ff82e7ec30e
0x0000008bcd1fc100:   0000000000002382 0000008bcd1fe880
0x0000008bcd1fc110:   0000000000000000 0000018cc4636bb0
0x0000008bcd1fc120:   0000000004400c51 0000000278fffffc
0x0000008bcd1fc130:   0000000000000000 0000000000000000
0x0000008bcd1fc140:   0000000000000000 0000000000000000
0x0000008bcd1fc150:   0000000000000000 0000000000000000
0x0000008bcd1fc160:   0000000000000000 0000000000000000
0x0000008bcd1fc170:   0000000000000000 0000000000000040
0x0000008bcd1fc180:   0000000000000000 0000001200000012 

Instructions: (pc=0x00007ff82e7ed5e4)
0x00007ff82e7ed4e4:   48 8b 55 d8 48 89 74 24 70 45 33 e4 4c 89 22 48
0x00007ff82e7ed4f4:   8b 45 d8 48 89 7c 24 78 4c 89 b4 24 88 00 00 00
0x00007ff82e7ed504:   4c 89 7c 24 40 c7 40 08 ff ff ff ff 48 8b 45 d8
0x00007ff82e7ed514:   48 83 c0 10 48 89 45 d8 48 89 18 48 8b 45 d8 c7
0x00007ff82e7ed524:   40 08 01 00 00 00 48 8b 55 d8 48 3b 55 e8 0f 82
0x00007ff82e7ed534:   21 06 00 00 0f 1f 84 00 00 00 00 00 49 8b 5d 10
0x00007ff82e7ed544:   8b 83 b8 01 00 00 2b 83 e0 01 00 00 03 05 92 93
0x00007ff82e7ed554:   43 00 3b 43 60 76 35 80 3d 17 8c 43 00 00 48 8d
0x00007ff82e7ed564:   15 df 59 2f 00 48 8b 8b 60 01 00 00 41 0f 94 c0
0x00007ff82e7ed574:   e8 37 9c be ff 48 8d 15 c8 59 2f 00 48 8b cb e8
0x00007ff82e7ed584:   88 14 c5 ff 48 8b 55 d8 49 8b 5d 10 48 8b 83 60
0x00007ff82e7ed594:   01 00 00 48 83 78 60 00 0f 85 dc 05 00 00 48 83
0x00007ff82e7ed5a4:   bb 78 01 00 00 00 0f 85 ce 05 00 00 8b 42 08 48
0x00007ff82e7ed5b4:   8b 1a 83 f8 01 0f 85 03 05 00 00 c7 42 08 02 00
0x00007ff82e7ed5c4:   00 00 4c 8b fb 49 8b 4d 10 48 8b d3 48 81 c1 e8
0x00007ff82e7ed5d4:   01 00 00 e8 a4 4c b0 ff 84 c0 0f 85 c5 01 00 00
0x00007ff82e7ed5e4:   8b 4b 28 49 8b 45 30 48 8b 3c c8 48 85 ff 0f 85
0x00007ff82e7ed5f4:   a7 01 00 00 8b c1 c1 e8 05 41 3b 85 08 0a 00 00
0x00007ff82e7ed604:   72 05 41 8b cc eb 1a 49 8b 95 10 0a 00 00 83 e1
0x00007ff82e7ed614:   1f 44 8b c0 b8 01 00 00 00 d3 e0 42 8b 0c 82 23
0x00007ff82e7ed624:   c8 0f b7 43 2c 85 c9 75 61 24 03 48 8b d3 49 8b
0x00007ff82e7ed634:   cd 3c 03 75 07 e8 72 ef ff ff eb 05 e8 2b f7 ff
0x00007ff82e7ed644:   ff 49 8b 4d 10 48 8b f8 48 8b 81 60 01 00 00 48
0x00007ff82e7ed654:   83 78 60 00 0f 85 20 05 00 00 48 83 b9 78 01 00
0x00007ff82e7ed664:   00 00 0f 85 12 05 00 00 48 85 ff 0f 84 09 05 00
0x00007ff82e7ed674:   00 0f b6 43 2c 24 1f 3c 11 75 5e 48 8b 03 48 8b
0x00007ff82e7ed684:   cb ff 50 30 48 89 47 40 eb 4f 24 0f 3c 08 75 3e
0x00007ff82e7ed694:   48 8b 43 08 48 8b 08 48 85 c9 74 32 f6 41 2c 01
0x00007ff82e7ed6a4:   74 2c 48 8b 01 4d 8b c5 48 8b d3 ff 90 b8 00 00
0x00007ff82e7ed6b4:   00 48 8b f8 48 8b 40 08 48 83 38 00 74 1b 4c 8b
0x00007ff82e7ed6c4:   c3 48 8b d7 49 8b cd e8 90 b0 ff ff eb 0b 48 8b
0x00007ff82e7ed6d4:   cb e8 c6 8c 04 00 48 8b f8 8b 73 28 41 3b 75 28 


Stack slot to memory mapping:
stack at sp + 0 slots: 0x0000018cc4218d00 points into unknown readable memory: c8 dd 9f 2e f8 7f 00 00
stack at sp + 1 slots: 0x0000000000000003 is an unknown value
stack at sp + 2 slots: 0x0000018cc0d12ae0 points into unknown readable memory: 64 00 00 00 64 00 00 00
stack at sp + 3 slots: 0x0000018cc0d180b8 points into unknown readable memory: 4e f9 7c ee 38 c0 07 08
stack at sp + 4 slots: 0x0000018cc32c8940 points into unknown readable memory: 80 9c 5e c4 8c 01 00 00
stack at sp + 5 slots: 0x0000018cc3355230 points into unknown readable memory: 00 00 00 00 00 00 00 00
stack at sp + 6 slots: 0x0000018cc32c71b0 points into unknown readable memory: 00 00 00 00 00 00 00 00
stack at sp + 7 slots: 0x0000018cc4df3000 points into unknown readable memory: 06 00 00 00 00 00 00 00


---------------  P R O C E S S  ---------------

Threads class SMR info:
_java_thread_list=0x0000018cc0172a20, length=16, elements={
0x0000018c97e7a800, 0x0000018cbb8e9800, 0x0000018cbb8ed000, 0x0000018cbc18f000,
0x0000018cbc18a000, 0x0000018cbc193800, 0x0000018cbc1a2000, 0x0000018cbc1a6800,
0x0000018cbc18d800, 0x0000018cbc18b000, 0x0000018cbc18c000, 0x0000018cbc320000,
0x0000018cbd584000, 0x0000018cbc18c800, 0x0000018cbc189800, 0x0000018cbc190000
}

Java Threads: ( => current thread )
  0x0000018c97e7a800 JavaThread "main" [_thread_in_native, id=7732, stack(0x0000008bcb800000,0x0000008bcb900000)]
  0x0000018cbb8e9800 JavaThread "Reference Handler" daemon [_thread_blocked, id=7532, stack(0x0000008bcbf00000,0x0000008bcc000000)]
  0x0000018cbb8ed000 JavaThread "Finalizer" daemon [_thread_blocked, id=15044, stack(0x0000008bcc000000,0x0000008bcc100000)]
  0x0000018cbc18f000 JavaThread "Signal Dispatcher" daemon [_thread_blocked, id=7740, stack(0x0000008bcc100000,0x0000008bcc200000)]
  0x0000018cbc18a000 JavaThread "Attach Listener" daemon [_thread_blocked, id=16440, stack(0x0000008bcc200000,0x0000008bcc300000)]
  0x0000018cbc193800 JavaThread "C2 CompilerThread0" daemon [_thread_in_native, id=10012, stack(0x0000008bcc300000,0x0000008bcc400000)]
  0x0000018cbc1a2000 JavaThread "C1 CompilerThread0" daemon [_thread_blocked, id=244, stack(0x0000008bcc400000,0x0000008bcc500000)]
  0x0000018cbc1a6800 JavaThread "Sweeper thread" daemon [_thread_blocked, id=2680, stack(0x0000008bcc500000,0x0000008bcc600000)]
  0x0000018cbc18d800 JavaThread "Common-Cleaner" daemon [_thread_blocked, id=11708, stack(0x0000008bcc600000,0x0000008bcc700000)]
  0x0000018cbc18b000 JavaThread "Monitor Ctrl-Break" daemon [_thread_in_native, id=13512, stack(0x0000008bcc800000,0x0000008bcc900000)]
  0x0000018cbc18c000 JavaThread "Service Thread" daemon [_thread_blocked, id=15992, stack(0x0000008bcc900000,0x0000008bcca00000)]
  0x0000018cbc320000 JavaThread "C2 CompilerThread1" daemon [_thread_in_native, id=1000, stack(0x0000008bcc700000,0x0000008bcc800000)]
=>0x0000018cbd584000 JavaThread "C2 CompilerThread2" daemon [_thread_in_native, id=16580, stack(0x0000008bcd100000,0x0000008bcd200000)]
  0x0000018cbc18c800 JavaThread "ContainerBackgroundProcessor[StandardEngine[Tomcat]]" daemon [_thread_blocked, id=17036, stack(0x0000008bcd200000,0x0000008bcd300000)]
  0x0000018cbc189800 JavaThread "container-0" [_thread_blocked, id=13196, stack(0x0000008bcd300000,0x0000008bcd400000)]
  0x0000018cbc190000 JavaThread "Abandoned connection cleanup thread" daemon [_thread_blocked, id=12880, stack(0x0000008bcd400000,0x0000008bcd500000)]

Other Threads:
  0x0000018cbb8e8800 VMThread "VM Thread" [stack: 0x0000008bcbe00000,0x0000008bcbf00000] [id=8012]
  0x0000018cbc83f000 WatcherThread [stack: 0x0000008bcca00000,0x0000008bccb00000] [id=5684]
  0x0000018c97ee4000 GCTaskThread "GC Thread#0" [stack: 0x0000008bcb900000,0x0000008bcba00000] [id=11144]
  0x0000018cbcfc5000 GCTaskThread "GC Thread#1" [stack: 0x0000008bccc00000,0x0000008bccd00000] [id=8284]
  0x0000018cbcfc5800 GCTaskThread "GC Thread#2" [stack: 0x0000008bccd00000,0x0000008bcce00000] [id=9836]
  0x0000018cbd024800 GCTaskThread "GC Thread#3" [stack: 0x0000008bcce00000,0x0000008bccf00000] [id=15980]
  0x0000018cbd025000 GCTaskThread "GC Thread#4" [stack: 0x0000008bccf00000,0x0000008bcd000000] [id=16508]
  0x0000018cbd029800 GCTaskThread "GC Thread#5" [stack: 0x0000008bcd000000,0x0000008bcd100000] [id=15956]
  0x0000018c97f05800 ConcurrentGCThread "G1 Main Marker" [stack: 0x0000008bcba00000,0x0000008bcbb00000] [id=13200]
  0x0000018c97f07000 ConcurrentGCThread "G1 Conc#0" [stack: 0x0000008bcbb00000,0x0000008bcbc00000] [id=8180]
  0x0000018cbfdd1000 ConcurrentGCThread "G1 Conc#1" [stack: 0x0000008bccb00000,0x0000008bccc00000] [id=2720]
  0x0000018cbb7e6000 ConcurrentGCThread "G1 Refine#0" [stack: 0x0000008bcbc00000,0x0000008bcbd00000] [id=1636]
  0x0000018cbb7e8800 ConcurrentGCThread "G1 Young RemSet Sampling" [stack: 0x0000008bcbd00000,0x0000008bcbe00000] [id=6000]

Threads with active compile tasks:
C2 CompilerThread0     7253 3999   !   4       org.springframework.core.annotation.AnnotatedElementUtils::searchWithFindSemantics (774 bytes)
C2 CompilerThread1     7254 4065       4       java.lang.ProcessEnvironment::containsKey (9 bytes)
C2 CompilerThread2     7254 3980       4       org.springframework.asm.Frame::execute (2305 bytes)

VM state:not at safepoint (normal execution)

VM Mutex/Monitor currently owned by a thread: None

Heap address: 0x0000000704000000, size: 4032 MB, Compressed Oops mode: Zero based, Oop shift amount: 3
Narrow klass base: 0x0000000800000000, Narrow klass shift: 3
Compressed class space size: 1073741824 Address: 0x0000000800b40000

Heap:
 garbage-first heap   total 157696K, used 66359K [0x0000000704000000, 0x0000000800000000)
  region size 1024K, 56 young (57344K), 11 survivors (11264K)
 Metaspace       used 33225K, capacity 34104K, committed 34176K, reserved 1079296K
  class space    used 4129K, capacity 4474K, committed 4480K, reserved 1048576K
Heap Regions: E=young(eden), S=young(survivor), O=old, HS=humongous(starts), HC=humongous(continues), CS=collection set, F=free, A=archive, TAMS=top-at-mark-start (previous, next)
|   0|0x0000000704000000, 0x0000000704100000, 0x0000000704100000|100%|HS|  |TAMS 0x0000000704100000, 0x0000000704000000| Complete 
|   1|0x0000000704100000, 0x0000000704200000, 0x0000000704200000|100%| O|  |TAMS 0x0000000704200000, 0x0000000704100000| Untracked 
|   2|0x0000000704200000, 0x0000000704300000, 0x0000000704300000|100%| O|  |TAMS 0x0000000704300000, 0x0000000704200000| Untracked 
|   3|0x0000000704300000, 0x0000000704400000, 0x0000000704400000|100%| O|  |TAMS 0x0000000704400000, 0x0000000704300000| Untracked 
|   4|0x0000000704400000, 0x0000000704500000, 0x0000000704500000|100%| O|  |TAMS 0x000000070442fc00, 0x0000000704400000| Untracked 
|   5|0x0000000704500000, 0x0000000704600000, 0x0000000704600000|100%| O|  |TAMS 0x0000000704500000, 0x0000000704500000| Untracked 
|   6|0x0000000704600000, 0x0000000704700000, 0x0000000704700000|100%| O|  |TAMS 0x0000000704600000, 0x0000000704600000| Untracked 
|   7|0x0000000704700000, 0x0000000704714a00, 0x0000000704800000|  8%| O|  |TAMS 0x0000000704700000, 0x0000000704700000| Untracked 
|   8|0x0000000704800000, 0x0000000704900000, 0x0000000704900000|100%| O|  |TAMS 0x0000000704800000, 0x0000000704800000| Untracked 
|   9|0x0000000704900000, 0x0000000704a00000, 0x0000000704a00000|100%| O|  |TAMS 0x0000000704900000, 0x0000000704900000| Untracked 
|  10|0x0000000704a00000, 0x0000000704b00000, 0x0000000704b00000|100%| O|  |TAMS 0x0000000704a00000, 0x0000000704a00000| Untracked 
|  11|0x0000000704b00000, 0x0000000704c00000, 0x0000000704c00000|100%| O|  |TAMS 0x0000000704b00000, 0x0000000704b00000| Untracked 
|  12|0x0000000704c00000, 0x0000000704c29200, 0x0000000704d00000| 16%| O|  |TAMS 0x0000000704c00000, 0x0000000704c00000| Untracked 
|  13|0x0000000704d00000, 0x0000000704d00000, 0x0000000704e00000|  0%| F|  |TAMS 0x0000000704d00000, 0x0000000704d00000| Untracked 
|  14|0x0000000704e00000, 0x0000000704e00000, 0x0000000704f00000|  0%| F|  |TAMS 0x0000000704e00000, 0x0000000704e00000| Untracked 
|  15|0x0000000704f00000, 0x0000000704f00000, 0x0000000705000000|  0%| F|  |TAMS 0x0000000704f00000, 0x0000000704f00000| Untracked 
|  16|0x0000000705000000, 0x0000000705000000, 0x0000000705100000|  0%| F|  |TAMS 0x0000000705000000, 0x0000000705000000| Untracked 
|  17|0x0000000705100000, 0x0000000705100000, 0x0000000705200000|  0%| F|  |TAMS 0x0000000705100000, 0x0000000705100000| Untracked 
|  18|0x0000000705200000, 0x0000000705200000, 0x0000000705300000|  0%| F|  |TAMS 0x0000000705200000, 0x0000000705200000| Untracked 
|  19|0x0000000705300000, 0x0000000705300000, 0x0000000705400000|  0%| F|  |TAMS 0x0000000705300000, 0x0000000705300000| Untracked 
|  20|0x0000000705400000, 0x0000000705400000, 0x0000000705500000|  0%| F|  |TAMS 0x0000000705400000, 0x0000000705400000| Untracked 
|  21|0x0000000705500000, 0x0000000705500000, 0x0000000705600000|  0%| F|  |TAMS 0x0000000705500000, 0x0000000705500000| Untracked 
|  22|0x0000000705600000, 0x0000000705600000, 0x0000000705700000|  0%| F|  |TAMS 0x0000000705600000, 0x0000000705600000| Untracked 
|  23|0x0000000705700000, 0x0000000705700000, 0x0000000705800000|  0%| F|  |TAMS 0x0000000705700000, 0x0000000705700000| Untracked 
|  24|0x0000000705800000, 0x0000000705800000, 0x0000000705900000|  0%| F|  |TAMS 0x0000000705800000, 0x0000000705800000| Untracked 
|  25|0x0000000705900000, 0x0000000705900000, 0x0000000705a00000|  0%| F|  |TAMS 0x0000000705900000, 0x0000000705900000| Untracked 
|  26|0x0000000705a00000, 0x0000000705a00000, 0x0000000705b00000|  0%| F|  |TAMS 0x0000000705a00000, 0x0000000705a00000| Untracked 
|  27|0x0000000705b00000, 0x0000000705b00000, 0x0000000705c00000|  0%| F|  |TAMS 0x0000000705b00000, 0x0000000705b00000| Untracked 
|  28|0x0000000705c00000, 0x0000000705c00000, 0x0000000705d00000|  0%| F|  |TAMS 0x0000000705c00000, 0x0000000705c00000| Untracked 
|  29|0x0000000705d00000, 0x0000000705d00000, 0x0000000705e00000|  0%| F|  |TAMS 0x0000000705d00000, 0x0000000705d00000| Untracked 
|  30|0x0000000705e00000, 0x0000000705e00000, 0x0000000705f00000|  0%| F|  |TAMS 0x0000000705e00000, 0x0000000705e00000| Untracked 
|  31|0x0000000705f00000, 0x0000000705f00000, 0x0000000706000000|  0%| F|  |TAMS 0x0000000705f00000, 0x0000000705f00000| Untracked 
|  32|0x0000000706000000, 0x0000000706000000, 0x0000000706100000|  0%| F|  |TAMS 0x0000000706000000, 0x0000000706000000| Untracked 
|  33|0x0000000706100000, 0x0000000706100000, 0x0000000706200000|  0%| F|  |TAMS 0x0000000706100000, 0x0000000706100000| Untracked 
|  34|0x0000000706200000, 0x0000000706200000, 0x0000000706300000|  0%| F|  |TAMS 0x0000000706200000, 0x0000000706200000| Untracked 
|  35|0x0000000706300000, 0x0000000706300000, 0x0000000706400000|  0%| F|  |TAMS 0x0000000706300000, 0x0000000706300000| Untracked 
|  36|0x0000000706400000, 0x0000000706400000, 0x0000000706500000|  0%| F|  |TAMS 0x0000000706400000, 0x0000000706400000| Untracked 
|  37|0x0000000706500000, 0x0000000706500000, 0x0000000706600000|  0%| F|  |TAMS 0x0000000706500000, 0x0000000706500000| Untracked 
|  38|0x0000000706600000, 0x0000000706600000, 0x0000000706700000|  0%| F|  |TAMS 0x0000000706600000, 0x0000000706600000| Untracked 
|  39|0x0000000706700000, 0x0000000706700000, 0x0000000706800000|  0%| F|  |TAMS 0x0000000706700000, 0x0000000706700000| Untracked 
|  40|0x0000000706800000, 0x0000000706800000, 0x0000000706900000|  0%| F|  |TAMS 0x0000000706800000, 0x0000000706800000| Untracked 
|  41|0x0000000706900000, 0x0000000706900000, 0x0000000706a00000|  0%| F|  |TAMS 0x0000000706900000, 0x0000000706900000| Untracked 
|  42|0x0000000706a00000, 0x0000000706a00000, 0x0000000706b00000|  0%| F|  |TAMS 0x0000000706a00000, 0x0000000706a00000| Untracked 
|  43|0x0000000706b00000, 0x0000000706b00000, 0x0000000706c00000|  0%| F|  |TAMS 0x0000000706b00000, 0x0000000706b00000| Untracked 
|  44|0x0000000706c00000, 0x0000000706c00000, 0x0000000706d00000|  0%| F|  |TAMS 0x0000000706c00000, 0x0000000706c00000| Untracked 
|  45|0x0000000706d00000, 0x0000000706d00000, 0x0000000706e00000|  0%| F|  |TAMS 0x0000000706d00000, 0x0000000706d00000| Untracked 
|  46|0x0000000706e00000, 0x0000000706e00000, 0x0000000706f00000|  0%| F|  |TAMS 0x0000000706e00000, 0x0000000706e00000| Untracked 
|  47|0x0000000706f00000, 0x0000000706f00000, 0x0000000707000000|  0%| F|  |TAMS 0x0000000706f00000, 0x0000000706f00000| Untracked 
|  48|0x0000000707000000, 0x0000000707000000, 0x0000000707100000|  0%| F|  |TAMS 0x0000000707000000, 0x0000000707000000| Untracked 
|  49|0x0000000707100000, 0x0000000707100000, 0x0000000707200000|  0%| F|  |TAMS 0x0000000707100000, 0x0000000707100000| Untracked 
|  50|0x0000000707200000, 0x0000000707200000, 0x0000000707300000|  0%| F|  |TAMS 0x0000000707200000, 0x0000000707200000| Untracked 
|  51|0x0000000707300000, 0x0000000707300000, 0x0000000707400000|  0%| F|  |TAMS 0x0000000707300000, 0x0000000707300000| Untracked 
|  52|0x0000000707400000, 0x0000000707400000, 0x0000000707500000|  0%| F|  |TAMS 0x0000000707400000, 0x0000000707400000| Untracked 
|  53|0x0000000707500000, 0x0000000707500000, 0x0000000707600000|  0%| F|  |TAMS 0x0000000707500000, 0x0000000707500000| Untracked 
|  54|0x0000000707600000, 0x00000007076902d0, 0x0000000707700000| 56%| S|CS|TAMS 0x0000000707600000, 0x0000000707600000| Complete 
|  55|0x0000000707700000, 0x0000000707800000, 0x0000000707800000|100%| S|CS|TAMS 0x0000000707700000, 0x0000000707700000| Complete 
|  56|0x0000000707800000, 0x0000000707900000, 0x0000000707900000|100%| S|CS|TAMS 0x0000000707800000, 0x0000000707800000| Complete 
|  57|0x0000000707900000, 0x0000000707a00000, 0x0000000707a00000|100%| S|CS|TAMS 0x0000000707900000, 0x0000000707900000| Complete 
|  58|0x0000000707a00000, 0x0000000707b00000, 0x0000000707b00000|100%| S|CS|TAMS 0x0000000707a00000, 0x0000000707a00000| Complete 
|  59|0x0000000707b00000, 0x0000000707c00000, 0x0000000707c00000|100%| S|CS|TAMS 0x0000000707b00000, 0x0000000707b00000| Complete 
|  60|0x0000000707c00000, 0x0000000707d00000, 0x0000000707d00000|100%| S|CS|TAMS 0x0000000707c00000, 0x0000000707c00000| Complete 
|  61|0x0000000707d00000, 0x0000000707e00000, 0x0000000707e00000|100%| S|CS|TAMS 0x0000000707d00000, 0x0000000707d00000| Complete 
|  62|0x0000000707e00000, 0x0000000707f00000, 0x0000000707f00000|100%| S|CS|TAMS 0x0000000707e00000, 0x0000000707e00000| Complete 
|  63|0x0000000707f00000, 0x0000000708000000, 0x0000000708000000|100%| S|CS|TAMS 0x0000000707f00000, 0x0000000707f00000| Complete 
|  64|0x0000000708000000, 0x0000000708100000, 0x0000000708100000|100%| S|CS|TAMS 0x0000000708000000, 0x0000000708000000| Complete 
|  65|0x0000000708100000, 0x0000000708100000, 0x0000000708200000|  0%| F|  |TAMS 0x0000000708100000, 0x0000000708100000| Untracked 
|  66|0x0000000708200000, 0x0000000708200000, 0x0000000708300000|  0%| F|  |TAMS 0x0000000708200000, 0x0000000708200000| Untracked 
|  67|0x0000000708300000, 0x0000000708300000, 0x0000000708400000|  0%| F|  |TAMS 0x0000000708300000, 0x0000000708300000| Untracked 
|  68|0x0000000708400000, 0x0000000708400000, 0x0000000708500000|  0%| F|  |TAMS 0x0000000708400000, 0x0000000708400000| Untracked 
|  69|0x0000000708500000, 0x0000000708500000, 0x0000000708600000|  0%| F|  |TAMS 0x0000000708500000, 0x0000000708500000| Untracked 
|  70|0x0000000708600000, 0x0000000708600000, 0x0000000708700000|  0%| F|  |TAMS 0x0000000708600000, 0x0000000708600000| Untracked 
|  71|0x0000000708700000, 0x0000000708700000, 0x0000000708800000|  0%| F|  |TAMS 0x0000000708700000, 0x0000000708700000| Untracked 
|  72|0x0000000708800000, 0x0000000708800000, 0x0000000708900000|  0%| F|  |TAMS 0x0000000708800000, 0x0000000708800000| Untracked 
|  73|0x0000000708900000, 0x0000000708900000, 0x0000000708a00000|  0%| F|  |TAMS 0x0000000708900000, 0x0000000708900000| Untracked 
|  74|0x0000000708a00000, 0x0000000708a00000, 0x0000000708b00000|  0%| F|  |TAMS 0x0000000708a00000, 0x0000000708a00000| Untracked 
|  75|0x0000000708b00000, 0x0000000708b00000, 0x0000000708c00000|  0%| F|  |TAMS 0x0000000708b00000, 0x0000000708b00000| Untracked 
|  76|0x0000000708c00000, 0x0000000708c00000, 0x0000000708d00000|  0%| F|  |TAMS 0x0000000708c00000, 0x0000000708c00000| Untracked 
|  77|0x0000000708d00000, 0x0000000708d00000, 0x0000000708e00000|  0%| F|  |TAMS 0x0000000708d00000, 0x0000000708d00000| Untracked 
|  78|0x0000000708e00000, 0x0000000708e00000, 0x0000000708f00000|  0%| F|  |TAMS 0x0000000708e00000, 0x0000000708e00000| Untracked 
|  79|0x0000000708f00000, 0x0000000708f00000, 0x0000000709000000|  0%| F|  |TAMS 0x0000000708f00000, 0x0000000708f00000| Untracked 
|  80|0x0000000709000000, 0x0000000709000000, 0x0000000709100000|  0%| F|  |TAMS 0x0000000709000000, 0x0000000709000000| Untracked 
|  81|0x0000000709100000, 0x0000000709100000, 0x0000000709200000|  0%| F|  |TAMS 0x0000000709100000, 0x0000000709100000| Untracked 
|  82|0x0000000709200000, 0x0000000709200000, 0x0000000709300000|  0%| F|  |TAMS 0x0000000709200000, 0x0000000709200000| Untracked 
|  83|0x0000000709300000, 0x0000000709300000, 0x0000000709400000|  0%| F|  |TAMS 0x0000000709300000, 0x0000000709300000| Untracked 
|  84|0x0000000709400000, 0x0000000709400000, 0x0000000709500000|  0%| F|  |TAMS 0x0000000709400000, 0x0000000709400000| Untracked 
|  85|0x0000000709500000, 0x0000000709500000, 0x0000000709600000|  0%| F|  |TAMS 0x0000000709500000, 0x0000000709500000| Untracked 
|  86|0x0000000709600000, 0x0000000709600000, 0x0000000709700000|  0%| F|  |TAMS 0x0000000709600000, 0x0000000709600000| Untracked 
|  87|0x0000000709700000, 0x0000000709700000, 0x0000000709800000|  0%| F|  |TAMS 0x0000000709700000, 0x0000000709700000| Untracked 
|  88|0x0000000709800000, 0x0000000709800000, 0x0000000709900000|  0%| F|  |TAMS 0x0000000709800000, 0x0000000709800000| Untracked 
|  89|0x0000000709900000, 0x0000000709900000, 0x0000000709a00000|  0%| F|  |TAMS 0x0000000709900000, 0x0000000709900000| Untracked 
|  90|0x0000000709a00000, 0x0000000709a00000, 0x0000000709b00000|  0%| F|  |TAMS 0x0000000709a00000, 0x0000000709a00000| Untracked 
|  91|0x0000000709b00000, 0x0000000709b00000, 0x0000000709c00000|  0%| F|  |TAMS 0x0000000709b00000, 0x0000000709b00000| Untracked 
|  92|0x0000000709c00000, 0x0000000709c00000, 0x0000000709d00000|  0%| F|  |TAMS 0x0000000709c00000, 0x0000000709c00000| Untracked 
|  93|0x0000000709d00000, 0x0000000709d00000, 0x0000000709e00000|  0%| F|  |TAMS 0x0000000709d00000, 0x0000000709d00000| Untracked 
|  94|0x0000000709e00000, 0x0000000709e00000, 0x0000000709f00000|  0%| F|  |TAMS 0x0000000709e00000, 0x0000000709e00000| Untracked 
|  95|0x0000000709f00000, 0x0000000709f00000, 0x000000070a000000|  0%| F|  |TAMS 0x0000000709f00000, 0x0000000709f00000| Untracked 
|  96|0x000000070a000000, 0x000000070a000000, 0x000000070a100000|  0%| F|  |TAMS 0x000000070a000000, 0x000000070a000000| Untracked 
|  97|0x000000070a100000, 0x000000070a100000, 0x000000070a200000|  0%| F|  |TAMS 0x000000070a100000, 0x000000070a100000| Untracked 
|  98|0x000000070a200000, 0x000000070a200000, 0x000000070a300000|  0%| F|  |TAMS 0x000000070a200000, 0x000000070a200000| Untracked 
|  99|0x000000070a300000, 0x000000070a300000, 0x000000070a400000|  0%| F|  |TAMS 0x000000070a300000, 0x000000070a300000| Untracked 
| 100|0x000000070a400000, 0x000000070a400000, 0x000000070a500000|  0%| F|  |TAMS 0x000000070a400000, 0x000000070a400000| Untracked 
| 101|0x000000070a500000, 0x000000070a500000, 0x000000070a600000|  0%| F|  |TAMS 0x000000070a500000, 0x000000070a500000| Untracked 
| 102|0x000000070a600000, 0x000000070a600000, 0x000000070a700000|  0%| F|  |TAMS 0x000000070a600000, 0x000000070a600000| Untracked 
| 103|0x000000070a700000, 0x000000070a700000, 0x000000070a800000|  0%| F|  |TAMS 0x000000070a700000, 0x000000070a700000| Untracked 
| 104|0x000000070a800000, 0x000000070a800000, 0x000000070a900000|  0%| F|  |TAMS 0x000000070a800000, 0x000000070a800000| Untracked 
| 105|0x000000070a900000, 0x000000070a900000, 0x000000070aa00000|  0%| F|  |TAMS 0x000000070a900000, 0x000000070a900000| Untracked 
| 106|0x000000070aa00000, 0x000000070aa00000, 0x000000070ab00000|  0%| F|  |TAMS 0x000000070aa00000, 0x000000070aa00000| Untracked 
| 107|0x000000070ab00000, 0x000000070ab00000, 0x000000070ac00000|  0%| F|  |TAMS 0x000000070ab00000, 0x000000070ab00000| Untracked 
| 108|0x000000070ac00000, 0x000000070ac00000, 0x000000070ad00000|  0%| F|  |TAMS 0x000000070ac00000, 0x000000070ac00000| Untracked 
| 109|0x000000070ad00000, 0x000000070ae00000, 0x000000070ae00000|100%| E|  |TAMS 0x000000070ad00000, 0x000000070ad00000| Complete 
| 110|0x000000070ae00000, 0x000000070af00000, 0x000000070af00000|100%| E|CS|TAMS 0x000000070ae00000, 0x000000070ae00000| Complete 
| 111|0x000000070af00000, 0x000000070b000000, 0x000000070b000000|100%| E|CS|TAMS 0x000000070af00000, 0x000000070af00000| Complete 
| 112|0x000000070b000000, 0x000000070b100000, 0x000000070b100000|100%| E|CS|TAMS 0x000000070b000000, 0x000000070b000000| Complete 
| 113|0x000000070b100000, 0x000000070b200000, 0x000000070b200000|100%| E|CS|TAMS 0x000000070b100000, 0x000000070b100000| Complete 
| 114|0x000000070b200000, 0x000000070b300000, 0x000000070b300000|100%| E|CS|TAMS 0x000000070b200000, 0x000000070b200000| Complete 
| 115|0x000000070b300000, 0x000000070b400000, 0x000000070b400000|100%| E|CS|TAMS 0x000000070b300000, 0x000000070b300000| Complete 
| 116|0x000000070b400000, 0x000000070b500000, 0x000000070b500000|100%| E|CS|TAMS 0x000000070b400000, 0x000000070b400000| Complete 
| 117|0x000000070b500000, 0x000000070b600000, 0x000000070b600000|100%| E|CS|TAMS 0x000000070b500000, 0x000000070b500000| Complete 
| 118|0x000000070b600000, 0x000000070b700000, 0x000000070b700000|100%| E|CS|TAMS 0x000000070b600000, 0x000000070b600000| Complete 
| 119|0x000000070b700000, 0x000000070b800000, 0x000000070b800000|100%| E|CS|TAMS 0x000000070b700000, 0x000000070b700000| Complete 
| 120|0x000000070b800000, 0x000000070b900000, 0x000000070b900000|100%| E|CS|TAMS 0x000000070b800000, 0x000000070b800000| Complete 
| 121|0x000000070b900000, 0x000000070ba00000, 0x000000070ba00000|100%| E|CS|TAMS 0x000000070b900000, 0x000000070b900000| Complete 
| 122|0x000000070ba00000, 0x000000070bb00000, 0x000000070bb00000|100%| E|CS|TAMS 0x000000070ba00000, 0x000000070ba00000| Complete 
| 123|0x000000070bb00000, 0x000000070bc00000, 0x000000070bc00000|100%| E|CS|TAMS 0x000000070bb00000, 0x000000070bb00000| Complete 
| 124|0x000000070bc00000, 0x000000070bd00000, 0x000000070bd00000|100%| E|CS|TAMS 0x000000070bc00000, 0x000000070bc00000| Complete 
| 125|0x000000070bd00000, 0x000000070be00000, 0x000000070be00000|100%| E|CS|TAMS 0x000000070bd00000, 0x000000070bd00000| Complete 
| 126|0x000000070be00000, 0x000000070bf00000, 0x000000070bf00000|100%| E|CS|TAMS 0x000000070be00000, 0x000000070be00000| Complete 
| 127|0x000000070bf00000, 0x000000070c000000, 0x000000070c000000|100%| E|CS|TAMS 0x000000070bf00000, 0x000000070bf00000| Complete 
| 128|0x000000070c000000, 0x000000070c100000, 0x000000070c100000|100%| E|CS|TAMS 0x000000070c000000, 0x000000070c000000| Complete 
| 129|0x000000070c100000, 0x000000070c200000, 0x000000070c200000|100%| E|CS|TAMS 0x000000070c100000, 0x000000070c100000| Complete 
| 130|0x000000070c200000, 0x000000070c300000, 0x000000070c300000|100%| E|CS|TAMS 0x000000070c200000, 0x000000070c200000| Complete 
| 131|0x000000070c300000, 0x000000070c400000, 0x000000070c400000|100%| E|CS|TAMS 0x000000070c300000, 0x000000070c300000| Complete 
| 132|0x000000070c400000, 0x000000070c500000, 0x000000070c500000|100%| E|CS|TAMS 0x000000070c400000, 0x000000070c400000| Complete 
| 133|0x000000070c500000, 0x000000070c600000, 0x000000070c600000|100%| E|CS|TAMS 0x000000070c500000, 0x000000070c500000| Complete 
| 134|0x000000070c600000, 0x000000070c700000, 0x000000070c700000|100%| E|  |TAMS 0x000000070c600000, 0x000000070c600000| Complete 
| 135|0x000000070c700000, 0x000000070c800000, 0x000000070c800000|100%| E|CS|TAMS 0x000000070c700000, 0x000000070c700000| Complete 
| 136|0x000000070c800000, 0x000000070c900000, 0x000000070c900000|100%| E|CS|TAMS 0x000000070c800000, 0x000000070c800000| Complete 
| 137|0x000000070c900000, 0x000000070ca00000, 0x000000070ca00000|100%| E|CS|TAMS 0x000000070c900000, 0x000000070c900000| Complete 
| 138|0x000000070ca00000, 0x000000070cb00000, 0x000000070cb00000|100%| E|CS|TAMS 0x000000070ca00000, 0x000000070ca00000| Complete 
| 139|0x000000070cb00000, 0x000000070cc00000, 0x000000070cc00000|100%| E|CS|TAMS 0x000000070cb00000, 0x000000070cb00000| Complete 
| 140|0x000000070cc00000, 0x000000070cd00000, 0x000000070cd00000|100%| E|CS|TAMS 0x000000070cc00000, 0x000000070cc00000| Complete 
| 141|0x000000070cd00000, 0x000000070ce00000, 0x000000070ce00000|100%| E|CS|TAMS 0x000000070cd00000, 0x000000070cd00000| Complete 
| 142|0x000000070ce00000, 0x000000070cf00000, 0x000000070cf00000|100%| E|CS|TAMS 0x000000070ce00000, 0x000000070ce00000| Complete 
| 143|0x000000070cf00000, 0x000000070d000000, 0x000000070d000000|100%| E|CS|TAMS 0x000000070cf00000, 0x000000070cf00000| Complete 
| 144|0x000000070d000000, 0x000000070d100000, 0x000000070d100000|100%| E|CS|TAMS 0x000000070d000000, 0x000000070d000000| Complete 
| 145|0x000000070d100000, 0x000000070d200000, 0x000000070d200000|100%| E|CS|TAMS 0x000000070d100000, 0x000000070d100000| Complete 
| 146|0x000000070d200000, 0x000000070d300000, 0x000000070d300000|100%| E|CS|TAMS 0x000000070d200000, 0x000000070d200000| Complete 
| 236|0x0000000712c00000, 0x0000000712d00000, 0x0000000712d00000|100%| E|CS|TAMS 0x0000000712c00000, 0x0000000712c00000| Complete 
| 237|0x0000000712d00000, 0x0000000712e00000, 0x0000000712e00000|100%| E|CS|TAMS 0x0000000712d00000, 0x0000000712d00000| Complete 
| 238|0x0000000712e00000, 0x0000000712f00000, 0x0000000712f00000|100%| E|CS|TAMS 0x0000000712e00000, 0x0000000712e00000| Complete 
| 239|0x0000000712f00000, 0x0000000713000000, 0x0000000713000000|100%| E|CS|TAMS 0x0000000712f00000, 0x0000000712f00000| Complete 
| 240|0x0000000713000000, 0x0000000713100000, 0x0000000713100000|100%| E|CS|TAMS 0x0000000713000000, 0x0000000713000000| Complete 
| 241|0x0000000713100000, 0x0000000713200000, 0x0000000713200000|100%| E|CS|TAMS 0x0000000713100000, 0x0000000713100000| Complete 
| 251|0x0000000713b00000, 0x0000000713c00000, 0x0000000713c00000|100%| E|CS|TAMS 0x0000000713b00000, 0x0000000713b00000| Complete 

Card table byte_map: [0x0000018caffa0000,0x0000018cb0780000] _byte_map_base: 0x0000018cac780000

Marking Bits (Prev, Next): (CMBitMap*) 0x0000018c97ee4ff8, (CMBitMap*) 0x0000018c97ee4fb8
 Prev Bits: [0x0000018cb4e60000, 0x0000018cb8d60000)
 Next Bits: [0x0000018cb0f60000, 0x0000018cb4e60000)

Polling page: 0x0000018c97640000

Metaspace:

Usage:
  Non-class:     29.06 MB capacity,    28.45 MB ( 98%) used,   521.02 KB (  2%) free+waste,   103.56 KB ( <1%) overhead. 
      Class:      4.37 MB capacity,     4.04 MB ( 92%) used,   288.64 KB (  6%) free+waste,    49.56 KB (  1%) overhead. 
       Both:     33.43 MB capacity,    32.49 MB ( 97%) used,   809.66 KB (  2%) free+waste,   153.13 KB ( <1%) overhead. 

Virtual space:
  Non-class space:       30.00 MB reserved,      29.25 MB ( 98%) committed 
      Class space:        1.00 GB reserved,       4.38 MB ( <1%) committed 
             Both:        1.03 GB reserved,      33.63 MB (  3%) committed 

Chunk freelists:
   Non-Class:  2.00 KB
       Class:  6.00 KB
        Both:  8.00 KB

MaxMetaspaceSize: 17179869184.00 GB
CompressedClassSpaceSize: 1.00 GB

CodeHeap 'non-profiled nmethods': size=120000Kb used=2351Kb max_used=2351Kb free=117648Kb
 bounds [0x0000018ca7e40000, 0x0000018ca80b0000, 0x0000018caf370000]
CodeHeap 'profiled nmethods': size=120000Kb used=10037Kb max_used=10037Kb free=109962Kb
 bounds [0x0000018ca0910000, 0x0000018ca12e0000, 0x0000018ca7e40000]
CodeHeap 'non-nmethods': size=5760Kb used=1257Kb max_used=1319Kb free=4502Kb
 bounds [0x0000018ca0370000, 0x0000018ca05e0000, 0x0000018ca0910000]
 total_blobs=5953 nmethods=3928 adapters=417
 compilation: enabled
              stopped_count=0, restarted_count=0
 full_count=0

Compilation events (20 events):
Event: 7.124 Thread 0x0000018cbc1a2000 4072       3       org.springframework.cglib.reflect.FastClassEmitter$1::transform (11 bytes)
Event: 7.125 Thread 0x0000018cbc1a2000 nmethod 4072 0x0000018ca12c4f10 code [0x0000018ca12c5120, 0x0000018ca12c56d0]
Event: 7.125 Thread 0x0000018cbc1a2000 4075       3       org.springframework.asm.MethodWriter::visitSwitchInsn (174 bytes)
Event: 7.126 Thread 0x0000018cbc1a2000 nmethod 4075 0x0000018ca12c5910 code [0x0000018ca12c5bc0, 0x0000018ca12c6de0]
Event: 7.126 Thread 0x0000018cbc1a2000 4076       3       org.springframework.asm.Frame::addInitializedType (77 bytes)
Event: 7.127 Thread 0x0000018cbc1a2000 nmethod 4076 0x0000018ca12c7410 code [0x0000018ca12c75e0, 0x0000018ca12c7bb0]
Event: 7.127 Thread 0x0000018cbc1a2000 4073       3       org.springframework.cglib.reflect.FastClassEmitter$3::processCase (25 bytes)
Event: 7.128 Thread 0x0000018cbc1a2000 nmethod 4073 0x0000018ca12c7d90 code [0x0000018ca12c7fa0, 0x0000018ca12c8590]
Event: 7.128 Thread 0x0000018cbc1a2000 4074       3       org.springframework.cglib.core.EmitUtils$11::transform (11 bytes)
Event: 7.128 Thread 0x0000018cbc1a2000 nmethod 4074 0x0000018ca12c8810 code [0x0000018ca12c89e0, 0x0000018ca12c8d70]
Event: 7.132 Thread 0x0000018cbc1a2000 4077       3       org.springframework.util.ReflectionUtils::invokeMethod (10 bytes)
Event: 7.133 Thread 0x0000018cbc1a2000 nmethod 4077 0x0000018ca12c8e90 code [0x0000018ca12c90c0, 0x0000018ca12c9840]
Event: 7.133 Thread 0x0000018cbc1a2000 4079   !   3       org.springframework.core.SerializableTypeWrapper$TypeProxyInvocationHandler::invoke (239 bytes)
Event: 7.136 Thread 0x0000018cbc1a2000 nmethod 4079 0x0000018ca12c9b90 code [0x0000018ca12c9fa0, 0x0000018ca12cbf10]
Event: 7.136 Thread 0x0000018cbc1a2000 4080       3       java.lang.Boolean::hashCode (14 bytes)
Event: 7.136 Thread 0x0000018cbc1a2000 nmethod 4080 0x0000018ca12cc890 code [0x0000018ca12cca40, 0x0000018ca12ccbd8]
Event: 7.136 Thread 0x0000018cbc1a2000 4078   !   3       org.springframework.util.ReflectionUtils::invokeMethod (22 bytes)
Event: 7.138 Thread 0x0000018cbc1a2000 nmethod 4078 0x0000018ca12ccc90 code [0x0000018ca12ccec0, 0x0000018ca12cd500]
Event: 7.143 Thread 0x0000018cbc1a2000 4081       3       org.springframework.core.annotation.AnnotationUtils::isAttributeMethod (27 bytes)
Event: 7.144 Thread 0x0000018cbc1a2000 nmethod 4081 0x0000018ca12cd810 code [0x0000018ca12cd9c0, 0x0000018ca12cdc78]

GC Heap History (12 events):
Event: 1.145 GC heap before
{Heap before GC invocations=0 (full 0):
 garbage-first heap   total 258048K, used 24576K [0x0000000704000000, 0x0000000800000000)
  region size 1024K, 24 young (24576K), 0 survivors (0K)
 Metaspace       used 5002K, capacity 6861K, committed 6912K, reserved 1056768K
  class space    used 568K, capacity 754K, committed 768K, reserved 1048576K
}
Event: 1.157 GC heap after
{Heap after GC invocations=1 (full 0):
 garbage-first heap   total 258048K, used 7359K [0x0000000704000000, 0x0000000800000000)
  region size 1024K, 3 young (3072K), 3 survivors (3072K)
 Metaspace       used 5002K, capacity 6861K, committed 6912K, reserved 1056768K
  class space    used 568K, capacity 754K, committed 768K, reserved 1048576K
}
Event: 2.882 GC heap before
{Heap before GC invocations=1 (full 0):
 garbage-first heap   total 258048K, used 105663K [0x0000000704000000, 0x0000000800000000)
  region size 1024K, 99 young (101376K), 3 survivors (3072K)
 Metaspace       used 19911K, capacity 20530K, committed 20736K, reserved 1067008K
  class space    used 2480K, capacity 2725K, committed 2816K, reserved 1048576K
}
Event: 2.894 GC heap after
{Heap after GC invocations=2 (full 0):
 garbage-first heap   total 258048K, used 11792K [0x0000000704000000, 0x0000000800000000)
  region size 1024K, 8 young (8192K), 8 survivors (8192K)
 Metaspace       used 19911K, capacity 20530K, committed 20736K, reserved 1067008K
  class space    used 2480K, capacity 2725K, committed 2816K, reserved 1048576K
}
Event: 3.095 GC heap before
{Heap before GC invocations=2 (full 0):
 garbage-first heap   total 258048K, used 21008K [0x0000000704000000, 0x0000000800000000)
  region size 1024K, 18 young (18432K), 8 survivors (8192K)
 Metaspace       used 20626K, capacity 21209K, committed 21248K, reserved 1067008K
  class space    used 2567K, capacity 2802K, committed 2816K, reserved 1048576K
}
Event: 3.114 GC heap after
{Heap after GC invocations=3 (full 0):
 garbage-first heap   total 258048K, used 12519K [0x0000000704000000, 0x0000000800000000)
  region size 1024K, 6 young (6144K), 6 survivors (6144K)
 Metaspace       used 20626K, capacity 21209K, committed 21248K, reserved 1067008K
  class space    used 2567K, capacity 2802K, committed 2816K, reserved 1048576K
}
Event: 3.418 GC heap before
{Heap before GC invocations=4 (full 0):
 garbage-first heap   total 51200K, used 48359K [0x0000000704000000, 0x0000000800000000)
  region size 1024K, 42 young (43008K), 6 survivors (6144K)
 Metaspace       used 21014K, capacity 21594K, committed 21888K, reserved 1069056K
  class space    used 2614K, capacity 2842K, committed 2944K, reserved 1048576K
}
Event: 3.429 GC heap after
{Heap after GC invocations=5 (full 0):
 garbage-first heap   total 57344K, used 13079K [0x0000000704000000, 0x0000000800000000)
  region size 1024K, 6 young (6144K), 6 survivors (6144K)
 Metaspace       used 21014K, capacity 21594K, committed 21888K, reserved 1069056K
  class space    used 2614K, capacity 2842K, committed 2944K, reserved 1048576K
}
Event: 3.808 GC heap before
{Heap before GC invocations=5 (full 0):
 garbage-first heap   total 57344K, used 37655K [0x0000000704000000, 0x0000000800000000)
  region size 1024K, 31 young (31744K), 6 survivors (6144K)
 Metaspace       used 22155K, capacity 22809K, committed 23040K, reserved 1069056K
  class space    used 2764K, capacity 3007K, committed 3072K, reserved 1048576K
}
Event: 3.825 GC heap after
{Heap after GC invocations=6 (full 0):
 garbage-first heap   total 157696K, used 14261K [0x0000000704000000, 0x0000000800000000)
  region size 1024K, 3 young (3072K), 3 survivors (3072K)
 Metaspace       used 22155K, capacity 22809K, committed 23040K, reserved 1069056K
  class space    used 2764K, capacity 3007K, committed 3072K, reserved 1048576K
}
Event: 6.613 GC heap before
{Heap before GC invocations=6 (full 0):
 garbage-first heap   total 157696K, used 104373K [0x0000000704000000, 0x0000000800000000)
  region size 1024K, 92 young (94208K), 3 survivors (3072K)
 Metaspace       used 31391K, capacity 32281K, committed 32512K, reserved 1077248K
  class space    used 3920K, capacity 4273K, committed 4352K, reserved 1048576K
}
Event: 6.635 GC heap after
{Heap after GC invocations=7 (full 0):
 garbage-first heap   total 157696K, used 22327K [0x0000000704000000, 0x0000000800000000)
  region size 1024K, 11 young (11264K), 11 survivors (11264K)
 Metaspace       used 31391K, capacity 32281K, committed 32512K, reserved 1077248K
  class space    used 3920K, capacity 4273K, committed 4352K, reserved 1048576K
}

Deoptimization events (20 events):
Event: 7.044 Thread 0x0000018c97e7a800 Uncommon trap: trap_request=0xffffff45 fr.pc=0x0000018ca7f9009c relative=0x000000000000069c
Event: 7.044 Thread 0x0000018c97e7a800 Uncommon trap: reason=unstable_if action=reinterpret pc=0x0000018ca7f9009c method=org.springframework.util.ObjectUtils.nullSafeEquals(Ljava/lang/Object;Ljava/lang/Object;)Z @ 8 c2
Event: 7.044 Thread 0x0000018c97e7a800 DEOPT PACKING pc=0x0000018ca7f9009c sp=0x0000008bcb8fb560
Event: 7.044 Thread 0x0000018c97e7a800 DEOPT UNPACKING pc=0x0000018ca037852f sp=0x0000008bcb8fb4f0 mode 2
Event: 7.044 Thread 0x0000018c97e7a800 Uncommon trap: trap_request=0xffffff45 fr.pc=0x0000018ca801b564 relative=0x0000000000001f24
Event: 7.044 Thread 0x0000018c97e7a800 Uncommon trap: reason=unstable_if action=reinterpret pc=0x0000018ca801b564 method=org.springframework.boot.context.properties.source.ConfigurationPropertyName.equals(Ljava/lang/Object;)Z @ 8 c2
Event: 7.044 Thread 0x0000018c97e7a800 DEOPT PACKING pc=0x0000018ca801b564 sp=0x0000008bcb8fb580
Event: 7.044 Thread 0x0000018c97e7a800 DEOPT UNPACKING pc=0x0000018ca037852f sp=0x0000008bcb8fb570 mode 2
Event: 7.045 Thread 0x0000018c97e7a800 Uncommon trap: trap_request=0xffffffde fr.pc=0x0000018ca802febc relative=0x000000000000011c
Event: 7.045 Thread 0x0000018c97e7a800 Uncommon trap: reason=class_check action=maybe_recompile pc=0x0000018ca802febc method=java.lang.reflect.Array.newInstance(Ljava/lang/Class;I)Ljava/lang/Object; @ 2 c2
Event: 7.045 Thread 0x0000018c97e7a800 DEOPT PACKING pc=0x0000018ca802febc sp=0x0000008bcb8fb990
Event: 7.045 Thread 0x0000018c97e7a800 DEOPT UNPACKING pc=0x0000018ca037852f sp=0x0000008bcb8fb928 mode 2
Event: 7.060 Thread 0x0000018cbc190000 Uncommon trap: trap_request=0xffffff45 fr.pc=0x0000018ca8066064 relative=0x0000000000002044
Event: 7.060 Thread 0x0000018cbc190000 Uncommon trap: reason=unstable_if action=reinterpret pc=0x0000018ca8066064 method=java.net.URL.<init>(Ljava/net/URL;Ljava/lang/String;Ljava/net/URLStreamHandler;)V @ 57 c2
Event: 7.060 Thread 0x0000018cbc190000 DEOPT PACKING pc=0x0000018ca8066064 sp=0x0000008bcd4feaf0
Event: 7.060 Thread 0x0000018cbc190000 DEOPT UNPACKING pc=0x0000018ca037852f sp=0x0000008bcd4feac0 mode 2
Event: 7.106 Thread 0x0000018c97e7a800 Uncommon trap: trap_request=0xfffffff4 fr.pc=0x0000018ca7ff2108 relative=0x0000000000000248
Event: 7.106 Thread 0x0000018c97e7a800 Uncommon trap: reason=null_check action=make_not_entrant pc=0x0000018ca7ff2108 method=org.springframework.util.ClassUtils.isAssignable(Ljava/lang/Class;Ljava/lang/Class;)Z @ 14 c2
Event: 7.106 Thread 0x0000018c97e7a800 DEOPT PACKING pc=0x0000018ca7ff2108 sp=0x0000008bcb8fbea0
Event: 7.106 Thread 0x0000018c97e7a800 DEOPT UNPACKING pc=0x0000018ca037852f sp=0x0000008bcb8fbe40 mode 2

Classes unloaded (0 events):
No events

Classes redefined (0 events):
No events

Internal exceptions (20 events):
Event: 7.065 Thread 0x0000018c97e7a800 Exception <a 'java/lang/NullPointerException'{0x000000070b219280}> (0x000000070b219280) 
thrown [t:/workspace/open/src/hotspot/share/runtime/sharedRuntime.cpp, line 585]
Event: 7.066 Thread 0x0000018c97e7a800 Implicit null exception at 0x0000018ca12b013d to 0x0000018ca12b0747
Event: 7.066 Thread 0x0000018c97e7a800 Exception <a 'java/lang/NullPointerException'{0x000000070b21a218}> (0x000000070b21a218) 
thrown [t:/workspace/open/src/hotspot/share/runtime/sharedRuntime.cpp, line 585]
Event: 7.066 Thread 0x0000018c97e7a800 Implicit null exception at 0x0000018ca12b013d to 0x0000018ca12b0747
Event: 7.066 Thread 0x0000018c97e7a800 Exception <a 'java/lang/NullPointerException'{0x000000070b21b228}> (0x000000070b21b228) 
thrown [t:/workspace/open/src/hotspot/share/runtime/sharedRuntime.cpp, line 585]
Event: 7.066 Thread 0x0000018c97e7a800 Implicit null exception at 0x0000018ca12b013d to 0x0000018ca12b0747
Event: 7.066 Thread 0x0000018c97e7a800 Exception <a 'java/lang/NullPointerException'{0x000000070b21c1d0}> (0x000000070b21c1d0) 
thrown [t:/workspace/open/src/hotspot/share/runtime/sharedRuntime.cpp, line 585]
Event: 7.066 Thread 0x0000018c97e7a800 Implicit null exception at 0x0000018ca12b013d to 0x0000018ca12b0747
Event: 7.066 Thread 0x0000018c97e7a800 Exception <a 'java/lang/NullPointerException'{0x000000070b21d1d8}> (0x000000070b21d1d8) 
thrown [t:/workspace/open/src/hotspot/share/runtime/sharedRuntime.cpp, line 585]
Event: 7.066 Thread 0x0000018c97e7a800 Implicit null exception at 0x0000018ca12b013d to 0x0000018ca12b0747
Event: 7.066 Thread 0x0000018c97e7a800 Exception <a 'java/lang/NullPointerException'{0x000000070b21e180}> (0x000000070b21e180) 
thrown [t:/workspace/open/src/hotspot/share/runtime/sharedRuntime.cpp, line 585]
Event: 7.066 Thread 0x0000018c97e7a800 Implicit null exception at 0x0000018ca12b013d to 0x0000018ca12b0747
Event: 7.066 Thread 0x0000018c97e7a800 Exception <a 'java/lang/NullPointerException'{0x000000070b21f188}> (0x000000070b21f188) 
thrown [t:/workspace/open/src/hotspot/share/runtime/sharedRuntime.cpp, line 585]
Event: 7.067 Thread 0x0000018c97e7a800 Implicit null exception at 0x0000018ca12b013d to 0x0000018ca12b0747
Event: 7.067 Thread 0x0000018c97e7a800 Exception <a 'java/lang/NullPointerException'{0x000000070b220178}> (0x000000070b220178) 
thrown [t:/workspace/open/src/hotspot/share/runtime/sharedRuntime.cpp, line 585]
Event: 7.067 Thread 0x0000018c97e7a800 Implicit null exception at 0x0000018ca12b013d to 0x0000018ca12b0747
Event: 7.067 Thread 0x0000018c97e7a800 Exception <a 'java/lang/NullPointerException'{0x000000070b221120}> (0x000000070b221120) 
thrown [t:/workspace/open/src/hotspot/share/runtime/sharedRuntime.cpp, line 585]
Event: 7.067 Thread 0x0000018c97e7a800 Implicit null exception at 0x0000018ca12b013d to 0x0000018ca12b0747
Event: 7.067 Thread 0x0000018c97e7a800 Exception <a 'java/lang/NullPointerException'{0x000000070b222110}> (0x000000070b222110) 
thrown [t:/workspace/open/src/hotspot/share/runtime/sharedRuntime.cpp, line 585]
Event: 7.106 Thread 0x0000018c97e7a800 Implicit null exception at 0x0000018ca7ff1eda to 0x0000018ca7ff20f2

Events (20 events):
Event: 7.062 loading class java/sql/Driver
Event: 7.062 loading class java/sql/Driver done
Event: 7.079 loading class org/springframework/beans/factory/config/NamedBeanHolder
Event: 7.079 loading class org/springframework/beans/factory/config/NamedBeanHolder done
Event: 7.080 loading class org/springframework/beans/factory/NamedBean
Event: 7.080 loading class org/springframework/beans/factory/NamedBean done
Event: 7.081 loading class org/springframework/boot/autoconfigure/jdbc/DataSourceInitializer
Event: 7.081 loading class org/springframework/boot/autoconfigure/jdbc/DataSourceInitializer done
Event: 7.090 loading class org/springframework/jdbc/datasource/init/DatabasePopulator
Event: 7.090 loading class org/springframework/jdbc/datasource/init/DatabasePopulator done
Event: 7.091 loading class org/springframework/jdbc/config/SortedResourcesFactoryBean
Event: 7.091 loading class org/springframework/jdbc/config/SortedResourcesFactoryBean done
Event: 7.093 loading class org/springframework/core/io/Resource
Event: 7.093 loading class org/springframework/core/io/Resource done
Event: 7.093 loading class org/springframework/core/io/Resource
Event: 7.093 loading class org/springframework/core/io/Resource done
Event: 7.132 loading class org/springframework/core/ResolvableType$WildcardBounds$Kind
Event: 7.132 loading class org/springframework/core/ResolvableType$WildcardBounds$Kind done
Event: 7.134 loading class org/springframework/boot/convert/DurationUnit
Event: 7.134 loading class org/springframework/boot/convert/DurationUnit done


Dynamic libraries:
0x00007ff6d57a0000 - 0x00007ff6d57af000 	C:\Program Files\Java\jdk-13.0.2\bin\java.exe
0x00007ff8a2da0000 - 0x00007ff8a2f90000 	C:\windows\SYSTEM32\ntdll.dll
0x00007ff8a0ff0000 - 0x00007ff8a10a2000 	C:\windows\System32\KERNEL32.DLL
0x00007ff89fe90000 - 0x00007ff8a0133000 	C:\windows\System32\KERNELBASE.dll
0x00007ff89fd30000 - 0x00007ff89fe2a000 	C:\windows\System32\ucrtbase.dll
0x00007ff882d50000 - 0x00007ff882d68000 	C:\Program Files\Java\jdk-13.0.2\bin\jli.dll
0x00007ff87de30000 - 0x00007ff87de45000 	C:\Program Files\Java\jdk-13.0.2\bin\VCRUNTIME140.dll
0x00007ff8a10b0000 - 0x00007ff8a1153000 	C:\windows\System32\ADVAPI32.dll
0x00007ff8a0e50000 - 0x00007ff8a0eee000 	C:\windows\System32\msvcrt.dll
0x00007ff8a1360000 - 0x00007ff8a13f7000 	C:\windows\System32\sechost.dll
0x00007ff8a1470000 - 0x00007ff8a1590000 	C:\windows\System32\RPCRT4.dll
0x00007ff8a2460000 - 0x00007ff8a25f4000 	C:\windows\System32\USER32.dll
0x00007ff8a0550000 - 0x00007ff8a0571000 	C:\windows\System32\win32u.dll
0x00007ff8a1590000 - 0x00007ff8a15b6000 	C:\windows\System32\GDI32.dll
0x00007ff8a0160000 - 0x00007ff8a02f4000 	C:\windows\System32\gdi32full.dll
0x00007ff8a0d00000 - 0x00007ff8a0d9e000 	C:\windows\System32\msvcp_win.dll
0x00007ff881580000 - 0x00007ff881805000 	C:\windows\WinSxS\amd64_microsoft.windows.common-controls_6595b64144ccf1df_6.0.18362.778_none_e6c6b761130d4fb8\COMCTL32.dll
0x00007ff8a15c0000 - 0x00007ff8a18f6000 	C:\windows\System32\combase.dll
0x00007ff8a0da0000 - 0x00007ff8a0e20000 	C:\windows\System32\bcryptPrimitives.dll
0x00007ff899c60000 - 0x00007ff899c6a000 	C:\windows\SYSTEM32\VERSION.dll
0x00007ff8a2b20000 - 0x00007ff8a2b4e000 	C:\windows\System32\IMM32.DLL
0x00007ff871aa0000 - 0x00007ff871b3b000 	C:\Program Files\Java\jdk-13.0.2\bin\msvcp140.dll
0x00007ff82e230000 - 0x00007ff82ed8d000 	C:\Program Files\Java\jdk-13.0.2\bin\server\jvm.dll
0x00007ff8a2600000 - 0x00007ff8a2608000 	C:\windows\System32\PSAPI.DLL
0x00007ff88acf0000 - 0x00007ff88acf9000 	C:\windows\SYSTEM32\WSOCK32.dll
0x00007ff89d710000 - 0x00007ff89d734000 	C:\windows\SYSTEM32\WINMM.dll
0x00007ff8a0f80000 - 0x00007ff8a0fef000 	C:\windows\System32\WS2_32.dll
0x00007ff89d5b0000 - 0x00007ff89d5dd000 	C:\windows\SYSTEM32\WINMMBASE.dll
0x00007ff8a0500000 - 0x00007ff8a054a000 	C:\windows\System32\cfgmgr32.dll
0x00007ff89fce0000 - 0x00007ff89fcf1000 	C:\windows\System32\kernel.appcore.dll
0x00007ff883560000 - 0x00007ff883570000 	C:\Program Files\Java\jdk-13.0.2\bin\verify.dll
0x00007ff89e510000 - 0x00007ff89e704000 	C:\windows\SYSTEM32\DBGHELP.DLL
0x00007ff884b30000 - 0x00007ff884b5a000 	C:\windows\SYSTEM32\dbgcore.DLL
0x00007ff87dab0000 - 0x00007ff87dad6000 	C:\Program Files\Java\jdk-13.0.2\bin\java.dll
0x00007ff89c1d0000 - 0x00007ff89c1de000 	C:\Program Files\Java\jdk-13.0.2\bin\instrument.dll
0x00007ff87d830000 - 0x00007ff87d847000 	C:\Program Files\Java\jdk-13.0.2\bin\zip.dll
0x00007ff883500000 - 0x00007ff88350a000 	C:\Program Files\Java\jdk-13.0.2\bin\jimage.dll
0x00007ff8a1900000 - 0x00007ff8a1fe5000 	C:\windows\System32\SHELL32.dll
0x00007ff8a12b0000 - 0x00007ff8a1359000 	C:\windows\System32\shcore.dll
0x00007ff8a0580000 - 0x00007ff8a0d00000 	C:\windows\System32\windows.storage.dll
0x00007ff89fd00000 - 0x00007ff89fd23000 	C:\windows\System32\profapi.dll
0x00007ff89fc90000 - 0x00007ff89fcda000 	C:\windows\System32\powrprof.dll
0x00007ff89fc60000 - 0x00007ff89fc70000 	C:\windows\System32\UMPDC.dll
0x00007ff8a1400000 - 0x00007ff8a1452000 	C:\windows\System32\shlwapi.dll
0x00007ff8a0140000 - 0x00007ff8a0157000 	C:\windows\System32\cryptsp.dll
0x00007ff87a5c0000 - 0x00007ff87a5d9000 	C:\Program Files\Java\jdk-13.0.2\bin\net.dll
0x00007ff88c330000 - 0x00007ff88c420000 	C:\windows\SYSTEM32\WINHTTP.dll
0x00007ff89f4d0000 - 0x00007ff89f537000 	C:\windows\system32\mswsock.dll
0x00007ff875c40000 - 0x00007ff875c53000 	C:\Program Files\Java\jdk-13.0.2\bin\nio.dll
0x00007ff880c90000 - 0x00007ff880caa000 	C:\Program Files\JetBrains\IntelliJ IDEA Community Edition 2019.3.3\bin\breakgen64.dll
0x00007ff883450000 - 0x00007ff883459000 	C:\Program Files\Java\jdk-13.0.2\bin\management.dll
0x00007ff883420000 - 0x00007ff88342b000 	C:\Program Files\Java\jdk-13.0.2\bin\management_ext.dll
0x00007ff886ce0000 - 0x00007ff886cf6000 	C:\windows\system32\napinsp.dll
0x00007ff886c80000 - 0x00007ff886c9a000 	C:\windows\system32\pnrpnsp.dll
0x00007ff89f220000 - 0x00007ff89f2ea000 	C:\windows\SYSTEM32\DNSAPI.dll
0x00007ff8a0ef0000 - 0x00007ff8a0ef8000 	C:\windows\System32\NSI.dll
0x00007ff89f1e0000 - 0x00007ff89f21a000 	C:\windows\SYSTEM32\IPHLPAPI.DLL
0x00007ff886c70000 - 0x00007ff886c7e000 	C:\windows\System32\winrnr.dll
0x00007ff89c1a0000 - 0x00007ff89c1bc000 	C:\windows\system32\NLAapi.dll
0x00007ff89b110000 - 0x00007ff89b125000 	C:\windows\system32\wshbth.dll
0x00007ff88c310000 - 0x00007ff88c31a000 	C:\Windows\System32\rasadhlp.dll
0x00007ff891e20000 - 0x00007ff891e97000 	C:\windows\System32\fwpuclnt.dll
0x00007ff8a0e20000 - 0x00007ff8a0e46000 	C:\windows\System32\bcrypt.dll
0x00007ff89f040000 - 0x00007ff89f073000 	C:\windows\system32\rsaenh.dll
0x00007ff89fb80000 - 0x00007ff89fba5000 	C:\windows\SYSTEM32\USERENV.dll
0x00007ff89f6a0000 - 0x00007ff89f6ac000 	C:\windows\SYSTEM32\CRYPTBASE.dll
0x00007ff8921b0000 - 0x00007ff8921c6000 	C:\windows\SYSTEM32\dhcpcsvc6.DLL
0x00007ff892190000 - 0x00007ff8921ac000 	C:\windows\SYSTEM32\dhcpcsvc.DLL

dbghelp: loaded successfully - version: 4.0.5 - missing functions: none
symbol engine: initialized successfully - sym options: 0x614 - pdb path: .;C:\Program Files\Java\jdk-13.0.2\bin;C:\windows\SYSTEM32;C:\windows\WinSxS\amd64_microsoft.windows.common-controls_6595b64144ccf1df_6.0.18362.778_none_e6c6b761130d4fb8;C:\Program Files\Java\jdk-13.0.2\bin\server;C:\Program Files\JetBrains\IntelliJ IDEA Community Edition 2019.3.3\bin

VM Arguments:
jvm_args: -javaagent:C:\Program Files\JetBrains\IntelliJ IDEA Community Edition 2019.3.3\lib\idea_rt.jar=52716:C:\Program Files\JetBrains\IntelliJ IDEA Community Edition 2019.3.3\bin -Dfile.encoding=UTF-8 
java_command: jeaps.foodtruck.FoodtruckApplication
java_class_path (initial): C:\Users\Jacks\Documents\Computer Science\2Software\truck_project\jeaps-backend\target\classes;C:\Users\Jacks\.m2\repository\org\junit\jupiter\junit-jupiter\5.4.2\junit-jupiter-5.4.2.jar;C:\Users\Jacks\.m2\repository\org\junit\jupiter\junit-jupiter-api\5.4.2\junit-jupiter-api-5.4.2.jar;C:\Users\Jacks\.m2\repository\org\apiguardian\apiguardian-api\1.0.0\apiguardian-api-1.0.0.jar;C:\Users\Jacks\.m2\repository\org\opentest4j\opentest4j\1.1.1\opentest4j-1.1.1.jar;C:\Users\Jacks\.m2\repository\org\junit\platform\junit-platform-commons\1.4.2\junit-platform-commons-1.4.2.jar;C:\Users\Jacks\.m2\repository\org\junit\jupiter\junit-jupiter-params\5.4.2\junit-jupiter-params-5.4.2.jar;C:\Users\Jacks\.m2\repository\org\junit\jupiter\junit-jupiter-engine\5.4.2\junit-jupiter-engine-5.4.2.jar;C:\Users\Jacks\.m2\repository\org\junit\platform\junit-platform-engine\1.4.2\junit-platform-engine-1.4.2.jar;C:\Users\Jacks\.m2\repository\org\apache\commons\commons-lang3\3.7\commons-lang3-3.7.jar;C:\Users\Jacks\.m2\repository\javax\mail\mail\1.4.7\mail-1.4.7.jar;C:\Users\Jacks\.m2\repository\javax\activation\activation\1.1\activation-1.1.jar;C:\Users\Jacks\.m2\repository\org\modelmapper\modelmapper\2.3.5\modelmapper-2.3.5.jar;C:\Users\Jacks\.m2\repository\org\springframework\boot\spring-boot-starter-data-jpa\2.1.0.RELEASE\spring-boot-starter-data-jpa-2.1.0.RELEASE.jar;C:\Users\Jacks\.m2\repository\org\springframework\boot\spring-boot-starter-aop\2.1.0.RELEASE\spring-boot-starter-aop-2.1.0.RELEASE.jar;C:\Users\Jacks\.m2\repository\org\aspectj\aspectjweaver\1.9.2\aspectjweaver-1.9.2.jar;C:\Users\Jacks\.m2\repository\org\springframework\boot\spring-boot-starter-jdbc\2.1.0.RELEASE\spring-boot-starter-jdbc-2.1.0.RELEASE.jar;C:\Users\Jacks\.m2\repository\com\zaxxer\HikariCP\3.2.0\HikariCP-3.2.0.jar;C:\Users\Jacks\.m2\repository\org\springframework\spring-jdbc\5.1.2.RELEASE\spring-jdbc-5.1.2.RELEASE.jar;C:\Users\Jacks\.m2\repository\javax\transaction\javax.transaction-ap
Launcher Type: SUN_STANDARD

[Global flags]
     intx CICompilerCount                          = 4                                         {product} {ergonomic}
     uint ConcGCThreads                            = 2                                         {product} {ergonomic}
     uint G1ConcRefinementThreads                  = 8                                         {product} {ergonomic}
   size_t G1HeapRegionSize                         = 1048576                                   {product} {ergonomic}
    uintx GCDrainStackTargetSize                   = 64                                        {product} {ergonomic}
   size_t InitialHeapSize                          = 264241152                                 {product} {ergonomic}
   size_t MarkStackSize                            = 4194304                                   {product} {ergonomic}
   size_t MaxHeapSize                              = 4227858432                                {product} {ergonomic}
   size_t MaxNewSize                               = 2536505344                                {product} {ergonomic}
   size_t MinHeapDeltaBytes                        = 1048576                                   {product} {ergonomic}
   size_t MinHeapSize                              = 8388608                                   {product} {ergonomic}
    uintx NonNMethodCodeHeapSize                   = 5839372                                {pd product} {ergonomic}
    uintx NonProfiledCodeHeapSize                  = 122909434                              {pd product} {ergonomic}
    uintx ProfiledCodeHeapSize                     = 122909434                              {pd product} {ergonomic}
    uintx ReservedCodeCacheSize                    = 251658240                              {pd product} {ergonomic}
     bool SegmentedCodeCache                       = true                                      {product} {ergonomic}
   size_t SoftMaxHeapSize                          = 4227858432                             {manageable} {ergonomic}
     bool UseCompressedClassPointers               = true                                 {lp64_product} {ergonomic}
     bool UseCompressedOops                        = true                                 {lp64_product} {ergonomic}
     bool UseG1GC                                  = true                                      {product} {ergonomic}
     bool UseLargePagesIndividualAllocation        = false                                  {pd product} {ergonomic}

Logging:
Log output configuration:
 #0: stdout all=warning uptime,level,tags
 #1: stderr all=off uptime,level,tags

Environment Variables:
JAVA_HOME=C:\Program Files\Java\jdk-13.0.2
PATH=C:\Python27\;C:\Python27\Scripts;C:\windows\system32;C:\windows;C:\windows\System32\Wbem;C:\windows\System32\WindowsPowerShell\v1.0\;C:\windows\System32\OpenSSH\;C:\Program Files\Java\jdk-13.0.2\bin;C:\Program Files\Git\cmd;C:\Program Files\MariaDB 10.4\bin;C:\Program Files\nodejs\;C:\ProgramData\chocolatey\bin;C:\Program Files\nodejs;C:\Users\Jacks\AppData\Local\Programs\Python\Python38-32\Scripts\;C:\Users\Jacks\AppData\Local\Programs\Python\Python38-32\;C:\Users\Jacks\AppData\Local\Microsoft\WindowsApps;;C:\Program Files\JetBrains\IntelliJ IDEA Community Edition 2019.3.3\bin;;C:\Users\Jacks\AppData\Roaming\npm
USERNAME=Jjackal
OS=Windows_NT
PROCESSOR_IDENTIFIER=Intel64 Family 6 Model 126 Stepping 5, GenuineIntel



---------------  S Y S T E M  ---------------

OS: Windows 10 , 64 bit Build 18362 (10.0.18362.778)

CPU:total 8 (initial active 8) (4 cores per cpu, 2 threads per core) family 6 model 126 stepping 5, cmov, cx8, fxsr, mmx, sse, sse2, sse3, ssse3, sse4.1, sse4.2, popcnt, avx, avx2, aes, clmul, erms, 3dnowpref, lzcnt, ht, tsc, tscinvbit, bmi1, bmi2, adx, evex, sha, fma

Memory: 4k page, system-wide physical 16126M (8736M free)
TotalPageFile size 18558M (AvailPageFile size 6776M)
current process WorkingSet (physical memory assigned to process): 307M, peak: 307M
current process commit charge ("private bytes"): 359M, peak: 415M

vm_info: Java HotSpot(TM) 64-Bit Server VM (13.0.2+8) for windows-amd64 JRE (13.0.2+8), built on Dec 11 2019 09:20:33 by "mach5one" with unknown MS VC++:1916

END.
